<?xml version="1.0" encoding="UTF-8"?>
<testng-results skipped="0" failed="1" total="3" passed="2">
  <reporter-output>
  </reporter-output>
  <suite name="Default suite" duration-ms="55496" started-at="2015-11-26T04:35:58Z" finished-at="2015-11-26T04:36:53Z">
    <groups>
    </groups>
    <test name="Default test" duration-ms="55496" started-at="2015-11-26T04:35:58Z" finished-at="2015-11-26T04:36:53Z">
      <class name="wb.InxPMS_Login">
        <test-method status="PASS" signature="loginPMS(java.lang.String, java.lang.String)[pri:0, instance:wb.InxPMS_Login@723646]" name="loginPMS" duration-ms="21114" started-at="2015-11-26T10:05:58Z" data-provider="datafromSheet" finished-at="2015-11-26T10:06:19Z">
          <params>
            <param index="0">
              <value>
                <![CDATA[siraj@inheritx.com]]>
              </value>
            </param>
            <param index="1">
              <value>
                <![CDATA[inx@!123]]>
              </value>
            </param>
          </params>
          <reporter-output>
          </reporter-output>
        </test-method> <!-- loginPMS -->
        <test-method status="PASS" signature="browerQuit()[pri:0, instance:wb.InxPMS_Login@723646]" name="browerQuit" is-config="true" duration-ms="523" started-at="2015-11-26T10:06:19Z" finished-at="2015-11-26T10:06:19Z">
          <reporter-output>
          </reporter-output>
        </test-method> <!-- browerQuit -->
        <test-method status="PASS" signature="loginPMS(java.lang.String, java.lang.String)[pri:0, instance:wb.InxPMS_Login@723646]" name="loginPMS" duration-ms="17643" started-at="2015-11-26T10:06:19Z" data-provider="datafromSheet" finished-at="2015-11-26T10:06:37Z">
          <params>
            <param index="0">
              <value>
                <![CDATA[pritesh@inheritx.com]]>
              </value>
            </param>
            <param index="1">
              <value>
                <![CDATA[inx@!123]]>
              </value>
            </param>
          </params>
          <reporter-output>
          </reporter-output>
        </test-method> <!-- loginPMS -->
        <test-method status="PASS" signature="browerQuit()[pri:0, instance:wb.InxPMS_Login@723646]" name="browerQuit" is-config="true" duration-ms="262" started-at="2015-11-26T10:06:37Z" finished-at="2015-11-26T10:06:37Z">
          <reporter-output>
          </reporter-output>
        </test-method> <!-- browerQuit -->
        <test-method status="FAIL" signature="loginPMS(java.lang.String, java.lang.String)[pri:0, instance:wb.InxPMS_Login@723646]" name="loginPMS" duration-ms="15503" started-at="2015-11-26T10:06:37Z" data-provider="datafromSheet" finished-at="2015-11-26T10:06:53Z">
          <params>
            <param index="0">
              <value>
                <![CDATA[pritesh@inheritx.com]]>
              </value>
            </param>
            <param index="1">
              <value>
                <![CDATA[inx@123]]>
              </value>
            </param>
          </params>
          <exception class="java.lang.AssertionError">
            <message>
              <![CDATA[got incorrect title expected [true] but found [false]]]>
            </message>
            <full-stacktrace>
              <![CDATA[java.lang.AssertionError: got incorrect title expected [true] but found [false]
	at org.testng.Assert.fail(Assert.java:94)
	at org.testng.Assert.failNotEquals(Assert.java:494)
	at org.testng.Assert.assertTrue(Assert.java:42)
	at wb.InxPMS_Login.loginPMS(InxPMS_Login.java:39)
	at sun.reflect.NativeMethodAccessorImpl.invoke0(Native Method)
	at sun.reflect.NativeMethodAccessorImpl.invoke(Unknown Source)
	at sun.reflect.DelegatingMethodAccessorImpl.invoke(Unknown Source)
	at java.lang.reflect.Method.invoke(Unknown Source)
	at org.testng.internal.MethodInvocationHelper.invokeMethod(MethodInvocationHelper.java:84)
	at org.testng.internal.Invoker.invokeMethod(Invoker.java:714)
	at org.testng.internal.Invoker.invokeTestMethod(Invoker.java:901)
	at org.testng.internal.Invoker.invokeTestMethods(Invoker.java:1231)
	at org.testng.internal.TestMethodWorker.invokeTestMethods(TestMethodWorker.java:127)
	at org.testng.internal.TestMethodWorker.run(TestMethodWorker.java:111)
	at org.testng.TestRunner.privateRun(TestRunner.java:767)
	at org.testng.TestRunner.run(TestRunner.java:617)
	at org.testng.SuiteRunner.runTest(SuiteRunner.java:334)
	at org.testng.SuiteRunner.runSequentially(SuiteRunner.java:329)
	at org.testng.SuiteRunner.privateRun(SuiteRunner.java:291)
	at org.testng.SuiteRunner.run(SuiteRunner.java:240)
	at org.testng.SuiteRunnerWorker.runSuite(SuiteRunnerWorker.java:52)
	at org.testng.SuiteRunnerWorker.run(SuiteRunnerWorker.java:86)
	at org.testng.TestNG.runSuitesSequentially(TestNG.java:1224)
	at org.testng.TestNG.runSuitesLocally(TestNG.java:1149)
	at org.testng.TestNG.run(TestNG.java:1057)
	at org.testng.remote.RemoteTestNG.run(RemoteTestNG.java:111)
	at org.testng.remote.RemoteTestNG.initAndRun(RemoteTestNG.java:204)
	at org.testng.remote.RemoteTestNG.main(RemoteTestNG.java:175)
]]>
            </full-stacktrace>
          </exception> <!-- java.lang.AssertionError -->
          <reporter-output>
          </reporter-output>
        </test-method> <!-- loginPMS -->
        <test-method status="PASS" signature="browerQuit()[pri:0, instance:wb.InxPMS_Login@723646]" name="browerQuit" is-config="true" duration-ms="281" started-at="2015-11-26T10:06:53Z" finished-at="2015-11-26T10:06:53Z">
          <reporter-output>
          </reporter-output>
        </test-method> <!-- browerQuit -->
      </class> <!-- wb.InxPMS_Login -->
    </test> <!-- Default test -->
  </suite> <!-- Default suite -->
</testng-results>
